"GET / HTTP/1.1" 404 2153
"GET / HTTP/1.1" 404 2153
"GET /favicon.ico HTTP/1.1" 404 2204
"GET /favicon.ico HTTP/1.1" 404 2204
"GET /favicon.ico HTTP/1.1" 404 2204
"GET /favicon.ico HTTP/1.1" 404 2204
"GET /favicon.ico HTTP/1.1" 404 2204
"GET /static/wiki/scripts/tinymce.min.js HTTP/1.1" 404 1705
"GET /static/wiki/scripts/tinymce.min.js HTTP/1.1" 404 1705
"GET /static/wiki/scripts/tinymce.min.js HTTP/1.1" 404 1705
"GET /static/wiki/scripts/tinymce.min.js HTTP/1.1" 404 1705
"GET /static/wiki/tinymce/tinymce.min.js HTTP/1.1" 404 1705
"GET /static/wiki/tinymce/tinymce.min.js HTTP/1.1" 404 1705
"GET /static/wiki/tinymce/tinymce.min.js HTTP/1.1" 404 1705
"GET /favicon.ico HTTP/1.1" 404 2204
"GET /static/wiki/tinymce/tinymce.min.js HTTP/1.1" 404 1705
"GET /static/wiki/tinymce/tinymce.min.js HTTP/1.1" 404 1705
"GET /favicon.ico HTTP/1.1" 404 2204
"GET /static/wiki/tinymce/tinymce.min.js HTTP/1.1" 404 1705
"GET /static/wiki/tinymce/tinymce.min.js HTTP/1.1" 404 1705
"GET / HTTP/1.1" 404 2153
"GET /wiki/admin/ HTTP/1.1" 500 117946
"GET /wiki/ HTTP/1.1" 500 165177
"GET /wiki/ HTTP/1.1" 500 165177
"GET /favicon.ico HTTP/1.1" 404 2204
"GET /favicon.ico HTTP/1.1" 404 2204
"GET /favicon.ico HTTP/1.1" 404 2204
"GET /favicon.ico HTTP/1.1" 404 2204
"GET /favicon.ico HTTP/1.1" 404 2204
"GET /favicon.ico HTTP/1.1" 404 2204
"GET /favicon.ico HTTP/1.1" 404 2204
"GET /favicon.ico HTTP/1.1" 404 2204
"GET /favicon.ico HTTP/1.1" 404 2204
"GET /wiki/ HTTP/1.1" 500 175580
"GET /wiki/ HTTP/1.1" 500 175715
"GET /wiki/ HTTP/1.1" 500 175715
"GET /wiki/ HTTP/1.1" 500 175998
"GET / HTTP/1.1" 404 2153
"GET /wiki/1/ HTTP/1.1" 500 68437
"GET / HTTP/1.1" 404 2153
"GET /wiki/1/ HTTP/1.1" 500 68302
"GET / HTTP/1.1" 404 2153
"GET /favicon.ico HTTP/1.1" 404 2204
"GET /wiki/ HTTP/1.1" 500 170581
"GET /wiki/ HTTP/1.1" 500 169756
